This is pdfTeX, Version 3.141592653-2.6-1.40.23 (TeX Live 2022/dev) (preloaded format=pdflatex 2021.12.10)  15 DEC 2021 16:55
entering extended mode
 restricted \write18 enabled.
 %&-line parsing enabled.
**bunmd_paper.tex
(./bunmd_paper.tex
LaTeX2e <2021-11-15> patch level 1
L3 programming layer <2021-11-22> (/Users/caseybreen/Library/TinyTeX/texmf-dist
/tex/latex/base/article.cls
Document Class: article 2021/10/04 v1.4n Standard LaTeX document class
(/Users/caseybreen/Library/TinyTeX/texmf-dist/tex/latex/base/size11.clo
File: size11.clo 2021/10/04 v1.4n Standard LaTeX file (size option)
)
\c@part=\count183
\c@section=\count184
\c@subsection=\count185
\c@subsubsection=\count186
\c@paragraph=\count187
\c@subparagraph=\count188
\c@figure=\count189
\c@table=\count190
\abovecaptionskip=\skip47
\belowcaptionskip=\skip48
\bibindent=\dimen138
) (/Users/caseybreen/Library/TinyTeX/texmf-dist/tex/latex/amsmath/amsmath.sty
Package: amsmath 2021/10/15 v2.17l AMS math features
\@mathmargin=\skip49
For additional information on amsmath, use the `?' option.
(/Users/caseybreen/Library/TinyTeX/texmf-dist/tex/latex/amsmath/amstext.sty
Package: amstext 2021/08/26 v2.01 AMS text
(/Users/caseybreen/Library/TinyTeX/texmf-dist/tex/latex/amsmath/amsgen.sty
File: amsgen.sty 1999/11/30 v2.0 generic functions
\@emptytoks=\toks16
\ex@=\dimen139
)) (/Users/caseybreen/Library/TinyTeX/texmf-dist/tex/latex/amsmath/amsbsy.sty
Package: amsbsy 1999/11/29 v1.2d Bold Symbols
\pmbraise@=\dimen140
) (/Users/caseybreen/Library/TinyTeX/texmf-dist/tex/latex/amsmath/amsopn.sty
Package: amsopn 2021/08/26 v2.02 operator names
)
\inf@bad=\count191
LaTeX Info: Redefining \frac on input line 234.
\uproot@=\count192
\leftroot@=\count193
LaTeX Info: Redefining \overline on input line 399.
\classnum@=\count194
\DOTSCASE@=\count195
LaTeX Info: Redefining \ldots on input line 496.
LaTeX Info: Redefining \dots on input line 499.
LaTeX Info: Redefining \cdots on input line 620.
\Mathstrutbox@=\box50
\strutbox@=\box51
\big@size=\dimen141
LaTeX Font Info:    Redeclaring font encoding OML on input line 743.
LaTeX Font Info:    Redeclaring font encoding OMS on input line 744.
\macc@depth=\count196
\c@MaxMatrixCols=\count197
\dotsspace@=\muskip16
\c@parentequation=\count198
\dspbrk@lvl=\count199
\tag@help=\toks17
\row@=\count266
\column@=\count267
\maxfields@=\count268
\andhelp@=\toks18
\eqnshift@=\dimen142
\alignsep@=\dimen143
\tagshift@=\dimen144
\tagwidth@=\dimen145
\totwidth@=\dimen146
\lineht@=\dimen147
\@envbody=\toks19
\multlinegap=\skip50
\multlinetaggap=\skip51
\mathdisplay@stack=\toks20
LaTeX Info: Redefining \[ on input line 2938.
LaTeX Info: Redefining \] on input line 2939.
) (/Users/caseybreen/Library/TinyTeX/texmf-dist/tex/latex/amsfonts/amssymb.sty
Package: amssymb 2013/01/14 v3.01 AMS font symbols
(/Users/caseybreen/Library/TinyTeX/texmf-dist/tex/latex/amsfonts/amsfonts.sty
Package: amsfonts 2013/01/14 v3.01 Basic AMSFonts support
\symAMSa=\mathgroup4
\symAMSb=\mathgroup5
LaTeX Font Info:    Redeclaring math symbol \hbar on input line 98.
LaTeX Font Info:    Overwriting math alphabet `\mathfrak' in version `bold'
(Font)                  U/euf/m/n --> U/euf/b/n on input line 106.
)) (/Users/caseybreen/Library/TinyTeX/texmf-dist/tex/latex/lm/lmodern.sty
Package: lmodern 2015/05/01 v1.6.1 Latin Modern Fonts
LaTeX Font Info:    Overwriting symbol font `operators' in version `normal'
(Font)                  OT1/cmr/m/n --> OT1/lmr/m/n on input line 22.
LaTeX Font Info:    Overwriting symbol font `letters' in version `normal'
(Font)                  OML/cmm/m/it --> OML/lmm/m/it on input line 23.
LaTeX Font Info:    Overwriting symbol font `symbols' in version `normal'
(Font)                  OMS/cmsy/m/n --> OMS/lmsy/m/n on input line 24.
LaTeX Font Info:    Overwriting symbol font `largesymbols' in version `normal'
(Font)                  OMX/cmex/m/n --> OMX/lmex/m/n on input line 25.
LaTeX Font Info:    Overwriting symbol font `operators' in version `bold'
(Font)                  OT1/cmr/bx/n --> OT1/lmr/bx/n on input line 26.
LaTeX Font Info:    Overwriting symbol font `letters' in version `bold'
(Font)                  OML/cmm/b/it --> OML/lmm/b/it on input line 27.
LaTeX Font Info:    Overwriting symbol font `symbols' in version `bold'
(Font)                  OMS/cmsy/b/n --> OMS/lmsy/b/n on input line 28.
LaTeX Font Info:    Overwriting symbol font `largesymbols' in version `bold'
(Font)                  OMX/cmex/m/n --> OMX/lmex/m/n on input line 29.
LaTeX Font Info:    Overwriting math alphabet `\mathbf' in version `normal'
(Font)                  OT1/cmr/bx/n --> OT1/lmr/bx/n on input line 31.
LaTeX Font Info:    Overwriting math alphabet `\mathsf' in version `normal'
(Font)                  OT1/cmss/m/n --> OT1/lmss/m/n on input line 32.
LaTeX Font Info:    Overwriting math alphabet `\mathit' in version `normal'
(Font)                  OT1/cmr/m/it --> OT1/lmr/m/it on input line 33.
LaTeX Font Info:    Overwriting math alphabet `\mathtt' in version `normal'
(Font)                  OT1/cmtt/m/n --> OT1/lmtt/m/n on input line 34.
LaTeX Font Info:    Overwriting math alphabet `\mathbf' in version `bold'
(Font)                  OT1/cmr/bx/n --> OT1/lmr/bx/n on input line 35.
LaTeX Font Info:    Overwriting math alphabet `\mathsf' in version `bold'
(Font)                  OT1/cmss/bx/n --> OT1/lmss/bx/n on input line 36.
LaTeX Font Info:    Overwriting math alphabet `\mathit' in version `bold'
(Font)                  OT1/cmr/bx/it --> OT1/lmr/bx/it on input line 37.
LaTeX Font Info:    Overwriting math alphabet `\mathtt' in version `bold'
(Font)                  OT1/cmtt/m/n --> OT1/lmtt/m/n on input line 38.
) (/Users/caseybreen/Library/TinyTeX/texmf-dist/tex/latex/setspace/setspace.sty
Package: setspace 2011/12/19 v6.7a set line spacing
) (/Users/caseybreen/Library/TinyTeX/texmf-dist/tex/generic/iftex/iftex.sty
Package: iftex 2020/03/06 v1.0d TeX engine tests
) (/Users/caseybreen/Library/TinyTeX/texmf-dist/tex/latex/base/fontenc.sty
Package: fontenc 2021/04/29 v2.0v Standard LaTeX package
LaTeX Font Info:    Trying to load font information for T1+lmr on input line 11
2.
(/Users/caseybreen/Library/TinyTeX/texmf-dist/tex/latex/lm/t1lmr.fd
File: t1lmr.fd 2015/05/01 v1.6.1 Font defs for Latin Modern
)) (/Users/caseybreen/Library/TinyTeX/texmf-dist/tex/latex/base/inputenc.sty
Package: inputenc 2021/02/14 v1.3d Input encoding file
\inpenc@prehook=\toks21
\inpenc@posthook=\toks22
) (/Users/caseybreen/Library/TinyTeX/texmf-dist/tex/latex/base/textcomp.sty
Package: textcomp 2020/02/02 v2.0n Standard LaTeX package
) (/Users/caseybreen/Library/TinyTeX/texmf-dist/tex/latex/xcolor/xcolor.sty
Package: xcolor 2021/10/31 v2.13 LaTeX color extensions (UK)
(/Users/caseybreen/Library/TinyTeX/texmf-dist/tex/latex/graphics-cfg/color.cfg
File: color.cfg 2016/01/02 v1.6 sample color configuration
)
Package xcolor Info: Driver file: pdftex.def on input line 227.

(/Users/caseybreen/Library/TinyTeX/texmf-dist/tex/latex/graphics-def/pdftex.def
File: pdftex.def 2020/10/05 v1.2a Graphics/color driver for pdftex
)
Package xcolor Info: Model `cmy' substituted by `cmy0' on input line 1352.
Package xcolor Info: Model `hsb' substituted by `rgb' on input line 1356.
Package xcolor Info: Model `RGB' extended on input line 1368.
Package xcolor Info: Model `HTML' substituted by `rgb' on input line 1370.
Package xcolor Info: Model `Hsb' substituted by `hsb' on input line 1371.
Package xcolor Info: Model `tHsb' substituted by `hsb' on input line 1372.
Package xcolor Info: Model `HSB' substituted by `hsb' on input line 1373.
Package xcolor Info: Model `Gray' substituted by `gray' on input line 1374.
Package xcolor Info: Model `wave' substituted by `hsb' on input line 1375.
) (/Users/caseybreen/Library/TinyTeX/texmf-dist/tex/latex/hyperref/hyperref.sty
Package: hyperref 2021-06-07 v7.00m Hypertext links for LaTeX
(/Users/caseybreen/Library/TinyTeX/texmf-dist/tex/generic/ltxcmds/ltxcmds.sty
Package: ltxcmds 2020-05-10 v1.25 LaTeX kernel commands for general use (HO)
)
(/Users/caseybreen/Library/TinyTeX/texmf-dist/tex/generic/pdftexcmds/pdftexcmds
.sty
Package: pdftexcmds 2020-06-27 v0.33 Utility functions of pdfTeX for LuaTeX (HO
)

(/Users/caseybreen/Library/TinyTeX/texmf-dist/tex/generic/infwarerr/infwarerr.s
ty
Package: infwarerr 2019/12/03 v1.5 Providing info/warning/error messages (HO)
)
Package pdftexcmds Info: \pdf@primitive is available.
Package pdftexcmds Info: \pdf@ifprimitive is available.
Package pdftexcmds Info: \pdfdraftmode found.
) (/Users/caseybreen/Library/TinyTeX/texmf-dist/tex/latex/graphics/keyval.sty
Package: keyval 2014/10/28 v1.15 key=value parser (DPC)
\KV@toks@=\toks23
)
(/Users/caseybreen/Library/TinyTeX/texmf-dist/tex/generic/kvsetkeys/kvsetkeys.s
ty
Package: kvsetkeys 2019/12/15 v1.18 Key value parser (HO)
)
(/Users/caseybreen/Library/TinyTeX/texmf-dist/tex/generic/kvdefinekeys/kvdefine
keys.sty
Package: kvdefinekeys 2019-12-19 v1.6 Define keys (HO)
)
(/Users/caseybreen/Library/TinyTeX/texmf-dist/tex/generic/pdfescape/pdfescape.s
ty
Package: pdfescape 2019/12/09 v1.15 Implements pdfTeX's escape features (HO)
) (/Users/caseybreen/Library/TinyTeX/texmf-dist/tex/latex/hycolor/hycolor.sty
Package: hycolor 2020-01-27 v1.10 Color options for hyperref/bookmark (HO)
)
(/Users/caseybreen/Library/TinyTeX/texmf-dist/tex/latex/letltxmacro/letltxmacro
.sty
Package: letltxmacro 2019/12/03 v1.6 Let assignment for LaTeX macros (HO)
) (/Users/caseybreen/Library/TinyTeX/texmf-dist/tex/latex/auxhook/auxhook.sty
Package: auxhook 2019-12-17 v1.6 Hooks for auxiliary files (HO)
)
(/Users/caseybreen/Library/TinyTeX/texmf-dist/tex/latex/kvoptions/kvoptions.sty
Package: kvoptions 2020-10-07 v3.14 Key value format for package options (HO)
)
\@linkdim=\dimen148
\Hy@linkcounter=\count269
\Hy@pagecounter=\count270
(/Users/caseybreen/Library/TinyTeX/texmf-dist/tex/latex/hyperref/pd1enc.def
File: pd1enc.def 2021-06-07 v7.00m Hyperref: PDFDocEncoding definition (HO)
Now handling font encoding PD1 ...
... no UTF-8 mapping file for font encoding PD1
)
(/Users/caseybreen/Library/TinyTeX/texmf-dist/tex/latex/hyperref/hyperref-langp
atches.def
File: hyperref-langpatches.def 2021-06-07 v7.00m Hyperref: patches for babel la
nguages
) (/Users/caseybreen/Library/TinyTeX/texmf-dist/tex/generic/intcalc/intcalc.sty
Package: intcalc 2019/12/15 v1.3 Expandable calculations with integers (HO)
)
(/Users/caseybreen/Library/TinyTeX/texmf-dist/tex/generic/etexcmds/etexcmds.sty
Package: etexcmds 2019/12/15 v1.7 Avoid name clashes with e-TeX commands (HO)
)
\Hy@SavedSpaceFactor=\count271
(/Users/caseybreen/Library/TinyTeX/texmf-dist/tex/latex/hyperref/puenc.def
File: puenc.def 2021-06-07 v7.00m Hyperref: PDF Unicode definition (HO)
Now handling font encoding PU ...
... no UTF-8 mapping file for font encoding PU
)
Package hyperref Info: Option `unicode' set `true' on input line 4073.
Package hyperref Info: Hyper figures OFF on input line 4192.
Package hyperref Info: Link nesting OFF on input line 4197.
Package hyperref Info: Hyper index ON on input line 4200.
Package hyperref Info: Plain pages OFF on input line 4207.
Package hyperref Info: Backreferencing OFF on input line 4212.
Package hyperref Info: Implicit mode ON; LaTeX internals redefined.
Package hyperref Info: Bookmarks ON on input line 4445.
\c@Hy@tempcnt=\count272
(/Users/caseybreen/Library/TinyTeX/texmf-dist/tex/latex/url/url.sty
\Urlmuskip=\muskip17
Package: url 2013/09/16  ver 3.4  Verb mode for urls, etc.
)
LaTeX Info: Redefining \url on input line 4804.
\XeTeXLinkMargin=\dimen149
(/Users/caseybreen/Library/TinyTeX/texmf-dist/tex/generic/bitset/bitset.sty
Package: bitset 2019/12/09 v1.3 Handle bit-vector datatype (HO)

(/Users/caseybreen/Library/TinyTeX/texmf-dist/tex/generic/bigintcalc/bigintcalc
.sty
Package: bigintcalc 2019/12/15 v1.5 Expandable calculations on big integers (HO
)
))
\Fld@menulength=\count273
\Field@Width=\dimen150
\Fld@charsize=\dimen151
Package hyperref Info: Hyper figures OFF on input line 6076.
Package hyperref Info: Link nesting OFF on input line 6081.
Package hyperref Info: Hyper index ON on input line 6084.
Package hyperref Info: backreferencing OFF on input line 6091.
Package hyperref Info: Link coloring OFF on input line 6096.
Package hyperref Info: Link coloring with OCG OFF on input line 6101.
Package hyperref Info: PDF/A mode OFF on input line 6106.
LaTeX Info: Redefining \ref on input line 6146.
LaTeX Info: Redefining \pageref on input line 6150.
(/Users/caseybreen/Library/TinyTeX/texmf-dist/tex/latex/base/atbegshi-ltx.sty
Package: atbegshi-ltx 2021/01/10 v1.0c Emulation of the original atbegshi
package with kernel methods
)
\Hy@abspage=\count274
\c@Item=\count275
\c@Hfootnote=\count276
)
Package hyperref Info: Driver (autodetected): hpdftex.
(/Users/caseybreen/Library/TinyTeX/texmf-dist/tex/latex/hyperref/hpdftex.def
File: hpdftex.def 2021-06-07 v7.00m Hyperref driver for pdfTeX
(/Users/caseybreen/Library/TinyTeX/texmf-dist/tex/latex/base/atveryend-ltx.sty
Package: atveryend-ltx 2020/08/19 v1.0a Emulation of the original atveryend pac
kage
with kernel methods
)
\Fld@listcount=\count277
\c@bookmark@seq@number=\count278

(/Users/caseybreen/Library/TinyTeX/texmf-dist/tex/latex/rerunfilecheck/rerunfil
echeck.sty
Package: rerunfilecheck 2019/12/05 v1.9 Rerun checks for auxiliary files (HO)

(/Users/caseybreen/Library/TinyTeX/texmf-dist/tex/generic/uniquecounter/uniquec
ounter.sty
Package: uniquecounter 2019/12/15 v1.4 Provide unlimited unique counter (HO)
)
Package uniquecounter Info: New unique counter `rerunfilecheck' on input line 2
86.
)
\Hy@SectionHShift=\skip52
) (/Users/caseybreen/Library/TinyTeX/texmf-dist/tex/latex/geometry/geometry.sty
Package: geometry 2020/01/02 v5.9 Page Geometry
(/Users/caseybreen/Library/TinyTeX/texmf-dist/tex/generic/iftex/ifvtex.sty
Package: ifvtex 2019/10/25 v1.7 ifvtex legacy package. Use iftex instead.
)
\Gm@cnth=\count279
\Gm@cntv=\count280
\c@Gm@tempcnt=\count281
\Gm@bindingoffset=\dimen152
\Gm@wd@mp=\dimen153
\Gm@odd@mp=\dimen154
\Gm@even@mp=\dimen155
\Gm@layoutwidth=\dimen156
\Gm@layoutheight=\dimen157
\Gm@layouthoffset=\dimen158
\Gm@layoutvoffset=\dimen159
\Gm@dimlist=\toks24
) (/Users/caseybreen/Library/TinyTeX/texmf-dist/tex/latex/tools/longtable.sty
Package: longtable 2021-09-01 v4.17 Multi-page Table package (DPC)
\LTleft=\skip53
\LTright=\skip54
\LTpre=\skip55
\LTpost=\skip56
\LTchunksize=\count282
\LTcapwidth=\dimen160
\LT@head=\box52
\LT@firsthead=\box53
\LT@foot=\box54
\LT@lastfoot=\box55
\LT@gbox=\box56
\LT@cols=\count283
\LT@rows=\count284
\c@LT@tables=\count285
\c@LT@chunks=\count286
\LT@p@ftn=\toks25
) (/Users/caseybreen/Library/TinyTeX/texmf-dist/tex/latex/booktabs/booktabs.sty
Package: booktabs 2020/01/12 v1.61803398 Publication quality tables
\heavyrulewidth=\dimen161
\lightrulewidth=\dimen162
\cmidrulewidth=\dimen163
\belowrulesep=\dimen164
\belowbottomsep=\dimen165
\aboverulesep=\dimen166
\abovetopsep=\dimen167
\cmidrulesep=\dimen168
\cmidrulekern=\dimen169
\defaultaddspace=\dimen170
\@cmidla=\count287
\@cmidlb=\count288
\@aboverulesep=\dimen171
\@belowrulesep=\dimen172
\@thisruleclass=\count289
\@lastruleclass=\count290
\@thisrulewidth=\dimen173
) (/Users/caseybreen/Library/TinyTeX/texmf-dist/tex/latex/tools/array.sty
Package: array 2021/10/04 v2.5f Tabular extension package (FMi)
\col@sep=\dimen174
\ar@mcellbox=\box57
\extrarowheight=\dimen175
\NC@list=\toks26
\extratabsurround=\skip57
\backup@length=\skip58
\ar@cellbox=\box58
) (/Users/caseybreen/Library/TinyTeX/texmf-dist/tex/latex/tools/calc.sty
Package: calc 2017/05/25 v4.3 Infix arithmetic (KKT,FJ)
\calc@Acount=\count291
\calc@Bcount=\count292
\calc@Adimen=\dimen176
\calc@Bdimen=\dimen177
\calc@Askip=\skip59
\calc@Bskip=\skip60
LaTeX Info: Redefining \setlength on input line 80.
LaTeX Info: Redefining \addtolength on input line 81.
\calc@Ccount=\count293
\calc@Cskip=\skip61
) (/Users/caseybreen/Library/TinyTeX/texmf-dist/tex/latex/etoolbox/etoolbox.sty
Package: etoolbox 2020/10/05 v2.5k e-TeX tools for LaTeX (JAW)
\etb@tempcnta=\count294
) (/Users/caseybreen/Library/TinyTeX/texmf-dist/tex/latex/mdwtools/footnote.sty
Package: footnote 1997/01/28 1.13 Save footnotes around boxes
\fn@notes=\box59
\fn@width=\dimen178
) (/Users/caseybreen/Library/TinyTeX/texmf-dist/tex/latex/graphics/graphicx.sty
Package: graphicx 2021/09/16 v1.2d Enhanced LaTeX Graphics (DPC,SPQR)
(/Users/caseybreen/Library/TinyTeX/texmf-dist/tex/latex/graphics/graphics.sty
Package: graphics 2021/03/04 v1.4d Standard LaTeX Graphics (DPC,SPQR)
(/Users/caseybreen/Library/TinyTeX/texmf-dist/tex/latex/graphics/trig.sty
Package: trig 2021/08/11 v1.11 sin cos tan (DPC)
)
(/Users/caseybreen/Library/TinyTeX/texmf-dist/tex/latex/graphics-cfg/graphics.c
fg
File: graphics.cfg 2016/06/04 v1.11 sample graphics configuration
)
Package graphics Info: Driver file: pdftex.def on input line 107.
)
\Gin@req@height=\dimen179
\Gin@req@width=\dimen180
)
\cslhangindent=\skip62
\csllabelwidth=\skip63
\cslentryspacingunit=\skip64
(/Users/caseybreen/Library/TinyTeX/texmf-dist/tex/latex/subfig/subfig.sty
Package: subfig 2005/06/28 ver: 1.3 subfig package
(/Users/caseybreen/Library/TinyTeX/texmf-dist/tex/latex/caption/caption.sty
Package: caption 2020/10/26 v3.5g Customizing captions (AR)
(/Users/caseybreen/Library/TinyTeX/texmf-dist/tex/latex/caption/caption3.sty
Package: caption3 2020/10/21 v2.2e caption3 kernel (AR)
\captionmargin=\dimen181
\captionmargin@=\dimen182
\captionwidth=\dimen183
\caption@tempdima=\dimen184
\caption@indent=\dimen185
\caption@parindent=\dimen186
\caption@hangindent=\dimen187
Package caption Info: Standard document class detected.
)
\c@caption@flags=\count295
\c@continuedfloat=\count296
Package caption Info: hyperref package is loaded.
Package caption Info: longtable package is loaded.
(/Users/caseybreen/Library/TinyTeX/texmf-dist/tex/latex/caption/ltcaption.sty
Package: ltcaption 2020/05/30 v1.4b longtable captions (AR)
))
\c@KVtest=\count297
\sf@farskip=\skip65
\sf@captopadj=\dimen188
\sf@capskip=\skip66
\sf@nearskip=\skip67
\c@subfigure=\count298
\c@subfigure@save=\count299
\c@lofdepth=\count300
\c@subtable=\count301
\c@subtable@save=\count302
\c@lotdepth=\count303
\sf@top=\skip68
\sf@bottom=\skip69
)
(/Users/caseybreen/Library/TinyTeX/texmf-dist/tex/latex/adjustbox/adjustbox.sty
Package: adjustbox 2020/08/19 v1.3 Adjusting TeX boxes (trim, clip, ...)
(/Users/caseybreen/Library/TinyTeX/texmf-dist/tex/latex/xkeyval/xkeyval.sty
Package: xkeyval 2020/11/20 v2.8 package option processing (HA)
(/Users/caseybreen/Library/TinyTeX/texmf-dist/tex/generic/xkeyval/xkeyval.tex (
/Users/caseybreen/Library/TinyTeX/texmf-dist/tex/generic/xkeyval/xkvutils.tex
\XKV@toks=\toks27
\XKV@tempa@toks=\toks28
)
\XKV@depth=\count304
File: xkeyval.tex 2014/12/03 v2.7a key=value parser (HA)
)) (/Users/caseybreen/Library/TinyTeX/texmf-dist/tex/latex/adjustbox/adjcalc.st
y
Package: adjcalc 2012/05/16 v1.1 Provides advanced setlength with multiple back
-ends (calc, etex, pgfmath)
) (/Users/caseybreen/Library/TinyTeX/texmf-dist/tex/latex/adjustbox/trimclip.st
y
Package: trimclip 2020/08/19 v1.2 Trim and clip general TeX material

(/Users/caseybreen/Library/TinyTeX/texmf-dist/tex/latex/collectbox/collectbox.s
ty
Package: collectbox 2012/05/17 v0.4b Collect macro arguments as boxes
\collectedbox=\box60
)
\tc@llx=\dimen189
\tc@lly=\dimen190
\tc@urx=\dimen191
\tc@ury=\dimen192
Package trimclip Info: Using driver 'tc-pdftex.def'.

(/Users/caseybreen/Library/TinyTeX/texmf-dist/tex/latex/adjustbox/tc-pdftex.def
File: tc-pdftex.def 2019/01/04 v2.2 Clipping driver for pdftex
))
\adjbox@Width=\dimen193
\adjbox@Height=\dimen194
\adjbox@Depth=\dimen195
\adjbox@Totalheight=\dimen196
\adjbox@pwidth=\dimen197
\adjbox@pheight=\dimen198
\adjbox@pdepth=\dimen199
\adjbox@ptotalheight=\dimen256
)
(/Users/caseybreen/Library/TinyTeX/texmf-dist/tex/latex/pdflscape/pdflscape.sty
Package: pdflscape 2019/12/05 v0.12 Display of landscape pages in PDF (HO)
(/Users/caseybreen/Library/TinyTeX/texmf-dist/tex/latex/graphics/lscape.sty
Package: lscape 2020/05/28 v3.02 Landscape Pages (DPC)
)
Package pdflscape Info: Auto-detected driver: pdftex on input line 81.
) (/Users/caseybreen/Library/TinyTeX/texmf-dist/tex/latex/float/float.sty
Package: float 2001/11/08 v1.3d Float enhancements (AL)
\c@float@type=\count305
\float@exts=\toks29
\float@box=\box61
\@float@everytoks=\toks30
\@floatcapt=\box62
) (/Users/caseybreen/Library/TinyTeX/texmf-dist/tex/latex/graphics/rotating.sty
Package: rotating 2016/08/11 v2.16d rotated objects in LaTeX
(/Users/caseybreen/Library/TinyTeX/texmf-dist/tex/latex/base/ifthen.sty
Package: ifthen 2020/11/24 v1.1c Standard LaTeX ifthen package (DPC)
)
\c@r@tfl@t=\count306
\rotFPtop=\skip70
\rotFPbot=\skip71
\rot@float@box=\box63
\rot@mess@toks=\toks31
) (/Users/caseybreen/Library/TinyTeX/texmf-dist/tex/latex/pdfpages/pdfpages.sty
Package: pdfpages 2021/03/06 v0.5t Insert pages of external PDF documents (AM)
(/Users/caseybreen/Library/TinyTeX/texmf-dist/tex/latex/eso-pic/eso-pic.sty
Package: eso-pic 2020/10/14 v3.0a eso-pic (RN)
\ESO@tempdima=\dimen257
\ESO@tempdimb=\dimen258
)
\AM@pagewidth=\dimen259
\AM@pageheight=\dimen260
\AM@fboxrule=\dimen261
(/Users/caseybreen/Library/TinyTeX/texmf-dist/tex/latex/pdfpages/pppdftex.def
File: pppdftex.def 2021/03/06 v0.5t Pdfpages driver for pdfTeX (AM)
)
\pdfpages@includegraphics@status=\count307
\AM@pagebox=\box64
\AM@global@opts=\toks32
\AM@pagecnt=\count308
\AM@toc@title=\toks33
\c@AM@survey=\count309
\AM@templatesizebox=\box65
)
(/Users/caseybreen/Library/TinyTeX/texmf-dist/tex/latex/l3backend/l3backend-pdf
tex.def
File: l3backend-pdftex.def 2021-10-18 L3 backend support: PDF output (pdfTeX)
\l__color_backend_stack_int=\count310
\l__pdf_internal_box=\box66
) (./bunmd_paper.aux)
\openout1 = `bunmd_paper.aux'.

LaTeX Font Info:    Checking defaults for OML/cmm/m/it on input line 112.
LaTeX Font Info:    ... okay on input line 112.
LaTeX Font Info:    Checking defaults for OMS/cmsy/m/n on input line 112.
LaTeX Font Info:    ... okay on input line 112.
LaTeX Font Info:    Checking defaults for OT1/cmr/m/n on input line 112.
LaTeX Font Info:    ... okay on input line 112.
LaTeX Font Info:    Checking defaults for T1/cmr/m/n on input line 112.
LaTeX Font Info:    ... okay on input line 112.
LaTeX Font Info:    Checking defaults for TS1/cmr/m/n on input line 112.
LaTeX Font Info:    ... okay on input line 112.
LaTeX Font Info:    Checking defaults for OMX/cmex/m/n on input line 112.
LaTeX Font Info:    ... okay on input line 112.
LaTeX Font Info:    Checking defaults for U/cmr/m/n on input line 112.
LaTeX Font Info:    ... okay on input line 112.
LaTeX Font Info:    Checking defaults for PD1/pdf/m/n on input line 112.
LaTeX Font Info:    ... okay on input line 112.
LaTeX Font Info:    Checking defaults for PU/pdf/m/n on input line 112.
LaTeX Font Info:    ... okay on input line 112.

(/Users/caseybreen/Library/TinyTeX/texmf-dist/tex/latex/epstopdf-pkg/epstopdf-b
ase.sty
Package: epstopdf-base 2020-01-24 v2.11 Base part for package epstopdf
Package epstopdf-base Info: Redefining graphics rule for `.eps' on input line 4
85.

(/Users/caseybreen/Library/TinyTeX/texmf-dist/tex/latex/latexconfig/epstopdf-sy
s.cfg
File: epstopdf-sys.cfg 2010/07/13 v1.3 Configuration of (r)epstopdf for TeX Liv
e
))
Package hyperref Info: Link coloring OFF on input line 112.
(/Users/caseybreen/Library/TinyTeX/texmf-dist/tex/latex/hyperref/nameref.sty
Package: nameref 2021-04-02 v2.47 Cross-referencing by name of section
(/Users/caseybreen/Library/TinyTeX/texmf-dist/tex/latex/refcount/refcount.sty
Package: refcount 2019/12/15 v3.6 Data extraction from label references (HO)
)
(/Users/caseybreen/Library/TinyTeX/texmf-dist/tex/generic/gettitlestring/gettit
lestring.sty
Package: gettitlestring 2019/12/15 v1.6 Cleanup title references (HO)
)
\c@section@level=\count311
)
LaTeX Info: Redefining \ref on input line 112.
LaTeX Info: Redefining \pageref on input line 112.
LaTeX Info: Redefining \nameref on input line 112.
(./bunmd_paper.out) (./bunmd_paper.out)
\@outlinefile=\write3
\openout3 = `bunmd_paper.out'.

*geometry* driver: auto-detecting
*geometry* detected driver: pdftex
*geometry* verbose mode - [ preamble ] result:
* driver: pdftex
* paper: <default>
* layout: <same size as paper>
* layoutoffset:(h,v)=(0.0pt,0.0pt)
* modes: 
* h-part:(L,W,R)=(72.26999pt, 469.75502pt, 72.26999pt)
* v-part:(T,H,B)=(72.26999pt, 650.43001pt, 72.26999pt)
* \paperwidth=614.295pt
* \paperheight=794.96999pt
* \textwidth=469.75502pt
* \textheight=650.43001pt
* \oddsidemargin=0.0pt
* \evensidemargin=0.0pt
* \topmargin=-37.0pt
* \headheight=12.0pt
* \headsep=25.0pt
* \topskip=11.0pt
* \footskip=30.0pt
* \marginparwidth=59.0pt
* \marginparsep=10.0pt
* \columnsep=10.0pt
* \skip\footins=10.0pt plus 4.0pt minus 2.0pt
* \hoffset=0.0pt
* \voffset=0.0pt
* \mag=1000
* \@twocolumnfalse
* \@twosidefalse
* \@mparswitchfalse
* \@reversemarginfalse
* (1in=72.27pt=25.4mm, 1cm=28.453pt)

Package caption Info: Begin \AtBeginDocument code.
Package caption Info: subfig package v1.3 is loaded.
Package caption Info: float package is loaded.
Package caption Info: rotating package is loaded.
Package caption Info: End \AtBeginDocument code.
LaTeX Font Info:    Trying to load font information for OT1+lmr on input line 1
14.
(/Users/caseybreen/Library/TinyTeX/texmf-dist/tex/latex/lm/ot1lmr.fd
File: ot1lmr.fd 2015/05/01 v1.6.1 Font defs for Latin Modern
)
LaTeX Font Info:    Trying to load font information for OML+lmm on input line 1
14.
(/Users/caseybreen/Library/TinyTeX/texmf-dist/tex/latex/lm/omllmm.fd
File: omllmm.fd 2015/05/01 v1.6.1 Font defs for Latin Modern
)
LaTeX Font Info:    Trying to load font information for OMS+lmsy on input line 
114.
(/Users/caseybreen/Library/TinyTeX/texmf-dist/tex/latex/lm/omslmsy.fd
File: omslmsy.fd 2015/05/01 v1.6.1 Font defs for Latin Modern
)
LaTeX Font Info:    Trying to load font information for OMX+lmex on input line 
114.
(/Users/caseybreen/Library/TinyTeX/texmf-dist/tex/latex/lm/omxlmex.fd
File: omxlmex.fd 2015/05/01 v1.6.1 Font defs for Latin Modern
)
LaTeX Font Info:    External font `lmex10' loaded for size
(Font)              <17.28> on input line 114.
LaTeX Font Info:    External font `lmex10' loaded for size
(Font)              <12> on input line 114.
LaTeX Font Info:    External font `lmex10' loaded for size
(Font)              <10> on input line 114.
LaTeX Font Info:    Trying to load font information for U+msa on input line 114
.
(/Users/caseybreen/Library/TinyTeX/texmf-dist/tex/latex/amsfonts/umsa.fd
File: umsa.fd 2013/01/14 v3.01 AMS symbols A
)
LaTeX Font Info:    Trying to load font information for U+msb on input line 114
.
(/Users/caseybreen/Library/TinyTeX/texmf-dist/tex/latex/amsfonts/umsb.fd
File: umsb.fd 2013/01/14 v3.01 AMS symbols B
)
LaTeX Font Info:    Trying to load font information for TS1+lmr on input line 1
14.
(/Users/caseybreen/Library/TinyTeX/texmf-dist/tex/latex/lm/ts1lmr.fd
File: ts1lmr.fd 2015/05/01 v1.6.1 Font defs for Latin Modern
)
LaTeX Font Info:    External font `lmex10' loaded for size
(Font)              <8> on input line 114.
LaTeX Font Info:    External font `lmex10' loaded for size
(Font)              <6> on input line 114.
LaTeX Font Info:    External font `lmex10' loaded for size
(Font)              <9> on input line 114.
LaTeX Font Info:    External font `lmex10' loaded for size
(Font)              <5> on input line 114.
[1

{/Users/caseybreen/Library/TinyTeX/texmf-var/fonts/map/pdftex/updmap/pdftex.map
}] (./bunmd_paper.toc
LaTeX Font Info:    External font `lmex10' loaded for size
(Font)              <10.95> on input line 1.
)
\tf@toc=\write4
\openout4 = `bunmd_paper.toc'.

[2] [3] [4]
<../illustrations/bunmd_chart.pdf, id=150, 794.97pt x 614.295pt>
File: ../illustrations/bunmd_chart.pdf Graphic file (type pdf)
<use ../illustrations/bunmd_chart.pdf>
Package pdftex.def Info: ../illustrations/bunmd_chart.pdf  used on input line 2
24.
(pdftex.def)             Requested size: 607.9196pt x 469.75604pt.
File: ../illustrations/bunmd_chart.pdf Graphic file (type pdf)
<use ../illustrations/bunmd_chart.pdf>
Package pdftex.def Info: ../illustrations/bunmd_chart.pdf  used on input line 2
24.
(pdftex.def)             Requested size: 607.9196pt x 469.75604pt.
<../illustrations/bunmd_chart.pdf, id=153, page=1, 794.97pt x 614.295pt>
File: ../illustrations/bunmd_chart.pdf Graphic file (type pdf)
<use ../illustrations/bunmd_chart.pdf, page 1>
Package pdftex.def Info: ../illustrations/bunmd_chart.pdf , page1 used on input
 line 224.
(pdftex.def)             Requested size: 794.96806pt x 614.29349pt.
File: ../illustrations/bunmd_chart.pdf Graphic file (type pdf)
<use ../illustrations/bunmd_chart.pdf, page 1>
Package pdftex.def Info: ../illustrations/bunmd_chart.pdf , page1 used on input
 line 224.
(pdftex.def)             Requested size: 794.96806pt x 614.29349pt.
File: ../illustrations/bunmd_chart.pdf Graphic file (type pdf)
<use ../illustrations/bunmd_chart.pdf, page 1>
Package pdftex.def Info: ../illustrations/bunmd_chart.pdf , page1 used on input
 line 224.
(pdftex.def)             Requested size: 794.96806pt x 614.29349pt.
File: ../illustrations/bunmd_chart.pdf Graphic file (type pdf)
<use ../illustrations/bunmd_chart.pdf, page 1>
Package pdftex.def Info: ../illustrations/bunmd_chart.pdf , page1 used on input
 line 224.
(pdftex.def)             Requested size: 794.96806pt x 614.29349pt.
File: ../illustrations/bunmd_chart.pdf Graphic file (type pdf)
<use ../illustrations/bunmd_chart.pdf, page 1>
Package pdftex.def Info: ../illustrations/bunmd_chart.pdf , page1 used on input
 line 224.
(pdftex.def)             Requested size: 794.96806pt x 614.29349pt.
[5

 <../illustrations/bunmd_chart.pdf>]
<../illustrations/entries_per_ssn.png, id=188, 1011.78pt x 447.92343pt>
File: ../illustrations/entries_per_ssn.png Graphic file (type png)
<use ../illustrations/entries_per_ssn.png>
Package pdftex.def Info: ../illustrations/entries_per_ssn.png  used on input li
ne 249.
(pdftex.def)             Requested size: 505.88876pt x 223.96117pt.

Overfull \hbox (36.13374pt too wide) in paragraph at lines 249--250
 [][] 
 []

[6

 <../illustrations/entries_per_ssn.png>]
<../illustrations/numident_flowchart.png, id=196, 514.92375pt x 397.485pt>
File: ../illustrations/numident_flowchart.png Graphic file (type png)
<use ../illustrations/numident_flowchart.png>
Package pdftex.def Info: ../illustrations/numident_flowchart.png  used on input
 line 279.
(pdftex.def)             Requested size: 361.35559pt x 278.94115pt.
[7 <../illustrations/numident_flowchart.png>]
<../illustrations/bunmd_coverage.png, id=206, 898.10532pt x 618.05907pt>
File: ../illustrations/bunmd_coverage.png Graphic file (type png)
<use ../illustrations/bunmd_coverage.png>
Package pdftex.def Info: ../illustrations/bunmd_coverage.png  used on input lin
e 315.
(pdftex.def)             Requested size: 469.75826pt x 323.27872pt.
<../illustrations/lexis_combine_plot.png, id=207, 1058.45438pt x 581.17125pt>
File: ../illustrations/lexis_combine_plot.png Graphic file (type png)
<use ../illustrations/lexis_combine_plot.png>
Package pdftex.def Info: ../illustrations/lexis_combine_plot.png  used on input
 line 322.
(pdftex.def)             Requested size: 505.88814pt x 277.77072pt.

Overfull \hbox (36.13312pt too wide) in paragraph at lines 322--323
 [][] 
 []

[8 <../illustrations/bunmd_coverage.png>] [9 <../illustrations/lexis_combine_pl
ot.png>] [10]
<../illustrations/regression_coefficient_adjustment.png, id=239, 356.83313pt x 
291.33844pt>
File: ../illustrations/regression_coefficient_adjustment.png Graphic file (type
 png)
<use ../illustrations/regression_coefficient_adjustment.png>
Package pdftex.def Info: ../illustrations/regression_coefficient_adjustment.png
  used on input line 422.
(pdftex.def)             Requested size: 356.85947pt x 291.35994pt.
[11] [12 <../illustrations/regression_coefficient_adjustment.png>]
<../illustrations/distribution_age_of_death.png, id=252, 567.62062pt x 367.3725
pt>
File: ../illustrations/distribution_age_of_death.png Graphic file (type png)
<use ../illustrations/distribution_age_of_death.png>
Package pdftex.def Info: ../illustrations/distribution_age_of_death.png  used o
n input line 489.
(pdftex.def)             Requested size: 433.63939pt x 280.65784pt.
[13]
LaTeX Font Info:    Trying to load font information for OT1+lmtt on input line 
513.
(/Users/caseybreen/Library/TinyTeX/texmf-dist/tex/latex/lm/ot1lmtt.fd
File: ot1lmtt.fd 2015/05/01 v1.6.1 Font defs for Latin Modern
)
LaTeX Font Info:    Trying to load font information for T1+lmtt on input line 5
17.
(/Users/caseybreen/Library/TinyTeX/texmf-dist/tex/latex/lm/t1lmtt.fd
File: t1lmtt.fd 2015/05/01 v1.6.1 Font defs for Latin Modern
) [14 <../illustrations/distribution_age_of_death.png>] [15]
<../illustrations/immigrant_advantage_plot.png, id=275, 494.59781pt x 562.35094
pt>
File: ../illustrations/immigrant_advantage_plot.png Graphic file (type png)
<use ../illustrations/immigrant_advantage_plot.png>
Package pdftex.def Info: ../illustrations/immigrant_advantage_plot.png  used on
 input line 586.
(pdftex.def)             Requested size: 433.61726pt x 493.0169pt.
[16] [17 <../illustrations/immigrant_advantage_plot.png (PNG copy)>] [18]

LaTeX Warning: No positions in optional float specifier.
               Default added (so using `tbp') on input line 655.

<../illustrations/micro_geography_cleveland.png, id=291, 793.46437pt x 588.6993
7pt>
File: ../illustrations/micro_geography_cleveland.png Graphic file (type png)
<use ../illustrations/micro_geography_cleveland.png>
Package pdftex.def Info: ../illustrations/micro_geography_cleveland.png  used o
n input line 728.
(pdftex.def)             Requested size: 505.90251pt x 375.34702pt.

Overfull \hbox (36.14749pt too wide) in paragraph at lines 728--729
 [][] 
 []

[19] [20] [21 <../illustrations/micro_geography_cleveland.png (PNG copy)>]
<../illustrations/gompertz_plot.png, id=314, 1047.16219pt x 536.0025pt>
File: ../illustrations/gompertz_plot.png Graphic file (type png)
<use ../illustrations/gompertz_plot.png>
Package pdftex.def Info: ../illustrations/gompertz_plot.png  used on input line
 755.
(pdftex.def)             Requested size: 505.87576pt x 258.93855pt.

Overfull \hbox (36.12074pt too wide) in paragraph at lines 755--756
 [][] 
 []

<../illustrations/death_seasonality.pdf, id=316, 1084.05pt x 505.89pt>
File: ../illustrations/death_seasonality.pdf Graphic file (type pdf)
<use ../illustrations/death_seasonality.pdf>
Package pdftex.def Info: ../illustrations/death_seasonality.pdf  used on input 
line 776.
(pdftex.def)             Requested size: 505.88104pt x 236.0778pt.

Overfull \hbox (36.12602pt too wide) in paragraph at lines 776--777
 [][] 
 []

[22 <../illustrations/gompertz_plot.png (PNG copy)>] [23 <../illustrations/deat
h_seasonality.pdf>] [24] [25] [26] [27]
File: ../illustrations/numident_flowchart.png Graphic file (type png)
<use ../illustrations/numident_flowchart.png>
Package pdftex.def Info: ../illustrations/numident_flowchart.png  used on input
 line 1043.
(pdftex.def)             Requested size: 397.49036pt x 306.83466pt.
[28] [29] [30] [31]
<../illustrations/bunmd_coverage_completeness.png, id=421, 2559.5625pt x 3312.3
75pt>
File: ../illustrations/bunmd_coverage_completeness.png Graphic file (type png)
<use ../illustrations/bunmd_coverage_completeness.png>
Package pdftex.def Info: ../illustrations/bunmd_coverage_completeness.png  used
 on input line 1121.
(pdftex.def)             Requested size: 498.66354pt x 645.3293pt.

Overfull \hbox (28.90852pt too wide) in paragraph at lines 1121--1122
 [][] 
 []


LaTeX Warning: Float too large for page by 18.49928pt on input line 1123.

<../illustrations/death_coverage.png, id=422, 2559.5625pt x 3312.375pt>
File: ../illustrations/death_coverage.png Graphic file (type png)
<use ../illustrations/death_coverage.png>
Package pdftex.def Info: ../illustrations/death_coverage.png  used on input lin
e 1127.
(pdftex.def)             Requested size: 498.66354pt x 645.3293pt.

Overfull \hbox (28.90852pt too wide) in paragraph at lines 1127--1128
 [][] 
 []


LaTeX Warning: Float too large for page by 18.49928pt on input line 1129.

<../illustrations/application_coverage.png, id=423, 2559.5625pt x 3312.375pt>
File: ../illustrations/application_coverage.png Graphic file (type png)
<use ../illustrations/application_coverage.png>
Package pdftex.def Info: ../illustrations/application_coverage.png  used on inp
ut line 1133.
(pdftex.def)             Requested size: 498.66354pt x 645.3293pt.

Overfull \hbox (28.90852pt too wide) in paragraph at lines 1133--1134
 [][] 
 []


LaTeX Warning: Float too large for page by 18.49928pt on input line 1135.

<../illustrations/claim_coverage.png, id=424, 2559.5625pt x 3312.375pt>
File: ../illustrations/claim_coverage.png Graphic file (type png)
<use ../illustrations/claim_coverage.png>
Package pdftex.def Info: ../illustrations/claim_coverage.png  used on input lin
e 1139.
(pdftex.def)             Requested size: 498.66354pt x 645.3293pt.

Overfull \hbox (28.90852pt too wide) in paragraph at lines 1139--1140
 [][] 
 []


LaTeX Warning: Float too large for page by 18.49928pt on input line 1141.

[32 <../illustrations/bunmd_coverage_completeness.png>] [33 <../illustrations/d
eath_coverage.png>] [34 <../illustrations/application_coverage.png>] [35 <../il
lustrations/claim_coverage.png>] (./bunmd_paper.aux)
Package rerunfilecheck Info: File `bunmd_paper.out' has not changed.
(rerunfilecheck)             Checksum: 9FC22DCCB8E9DE266DC9D2A75977CC2D;4886.
 ) 
Here is how much of TeX's memory you used:
 15034 strings out of 480313
 248429 string characters out of 5896198
 536874 words of memory out of 5000000
 32480 multiletter control sequences out of 15000+600000
 479017 words of font info for 90 fonts, out of 8000000 for 9000
 14 hyphenation exceptions out of 8191
 69i,19n,79p,487b,584s stack positions out of 5000i,500n,10000p,200000b,80000s
{/Users/caseybreen/Library/TinyTeX/texmf-dist/fonts/enc/dvips/lm/lm-ts1.enc}{
/Users/caseybreen/Library/TinyTeX/texmf-dist/fonts/enc/dvips/lm/lm-mathsy.enc}{
/Users/caseybreen/Library/TinyTeX/texmf-dist/fonts/enc/dvips/lm/lm-ec.enc}{/Use
rs/caseybreen/Library/TinyTeX/texmf-dist/fonts/enc/dvips/lm/lm-rmtt.enc}{/Users
/caseybreen/Library/TinyTeX/texmf-dist/fonts/enc/dvips/lm/lm-mathex.enc}{/Users
/caseybreen/Library/TinyTeX/texmf-dist/fonts/enc/dvips/lm/lm-rm.enc}{/Users/cas
eybreen/Library/TinyTeX/texmf-dist/fonts/enc/dvips/lm/lm-mathit.enc}</Users/cas
eybreen/Library/TinyTeX/texmf-dist/fonts/type1/public/lm/lmbx10.pfb></Users/cas
eybreen/Library/TinyTeX/texmf-dist/fonts/type1/public/lm/lmbx12.pfb></Users/cas
eybreen/Library/TinyTeX/texmf-dist/fonts/type1/public/lm/lmex10.pfb></Users/cas
eybreen/Library/TinyTeX/texmf-dist/fonts/type1/public/lm/lmmi10.pfb></Users/cas
eybreen/Library/TinyTeX/texmf-dist/fonts/type1/public/lm/lmmi8.pfb></Users/case
ybreen/Library/TinyTeX/texmf-dist/fonts/type1/public/lm/lmr10.pfb></Users/casey
breen/Library/TinyTeX/texmf-dist/fonts/type1/public/lm/lmr12.pfb></Users/caseyb
reen/Library/TinyTeX/texmf-dist/fonts/type1/public/lm/lmr17.pfb></Users/caseybr
een/Library/TinyTeX/texmf-dist/fonts/type1/public/lm/lmr6.pfb></Users/caseybree
n/Library/TinyTeX/texmf-dist/fonts/type1/public/lm/lmr8.pfb></Users/caseybreen/
Library/TinyTeX/texmf-dist/fonts/type1/public/lm/lmr9.pfb></Users/caseybreen/Li
brary/TinyTeX/texmf-dist/fonts/type1/public/lm/lmri10.pfb></Users/caseybreen/Li
brary/TinyTeX/texmf-dist/fonts/type1/public/lm/lmsy10.pfb></Users/caseybreen/Li
brary/TinyTeX/texmf-dist/fonts/type1/public/lm/lmsy8.pfb></Users/caseybreen/Lib
rary/TinyTeX/texmf-dist/fonts/type1/public/lm/lmtt10.pfb>
Output written on bunmd_paper.pdf (35 pages, 2200661 bytes).
PDF statistics:
 559 PDF objects out of 1000 (max. 8388607)
 447 compressed objects within 5 object streams
 131 named destinations out of 1000 (max. 500000)
 275 words of extra memory for PDF output out of 10000 (max. 10000000)

